[debug] [2024-11-26T01:38:20.260Z] ----------------------------------------------------------------------
[debug] [2024-11-26T01:38:20.262Z] Command:       /usr/local/bin/node /usr/local/bin/firebase init
[debug] [2024-11-26T01:38:20.262Z] CLI Version:   13.0.2
[debug] [2024-11-26T01:38:20.262Z] Platform:      darwin
[debug] [2024-11-26T01:38:20.262Z] Node Version:  v20.10.0
[debug] [2024-11-26T01:38:20.262Z] Time:          Tue Nov 26 2024 08:38:20 GMT+0700 (Western Indonesia Time)
[debug] [2024-11-26T01:38:20.262Z] ----------------------------------------------------------------------
[debug] 
[debug] [2024-11-26T01:38:20.263Z] >>> [apiv2][query] GET https://firebase-public.firebaseio.com/cli.json [none]
[debug] [2024-11-26T01:38:20.288Z] > command requires scopes: ["email","openid","https://www.googleapis.com/auth/cloudplatformprojects.readonly","https://www.googleapis.com/auth/firebase","https://www.googleapis.com/auth/cloud-platform"]
[debug] [2024-11-26T01:38:20.288Z] > authorizing via signed-in user (zn@oldodigital.com)
[info] 
     ######## #### ########  ######## ########     ###     ######  ########
     ##        ##  ##     ## ##       ##     ##  ##   ##  ##       ##
     ######    ##  ########  ######   ########  #########  ######  ######
     ##        ##  ##    ##  ##       ##     ## ##     ##       ## ##
     ##       #### ##     ## ######## ########  ##     ##  ######  ########

You're about to initialize a Firebase project in this directory:

  /Users/adi/Desktop/Mabar/web/spinbound/spinboundsaga

[debug] [2024-11-26T01:38:21.066Z] <<< [apiv2][status] GET https://firebase-public.firebaseio.com/cli.json 200
[debug] [2024-11-26T01:38:21.067Z] <<< [apiv2][body] GET https://firebase-public.firebaseio.com/cli.json {"cloudBuildErrorAfter":1594252800000,"cloudBuildWarnAfter":1590019200000,"defaultNode10After":1594252800000,"minVersion":"3.0.5","node8DeploysDisabledAfter":1613390400000,"node8RuntimeDisabledAfter":1615809600000,"node8WarnAfter":1600128000000}
[info] 
=== Project Setup
[info] 
[info] First, let's associate this project directory with a Firebase project.
[info] You can create multiple project aliases by running firebase use --add, 
[info] but for now we'll just set up a default project.
[info] 
[debug] [2024-11-26T01:38:33.777Z] > refreshing access token with scopes: []
[debug] [2024-11-26T01:38:33.779Z] >>> [apiv2][query] POST https://www.googleapis.com/oauth2/v3/token [none]
[debug] [2024-11-26T01:38:33.779Z] >>> [apiv2][body] POST https://www.googleapis.com/oauth2/v3/token [omitted]
[debug] [2024-11-26T01:38:34.175Z] <<< [apiv2][status] POST https://www.googleapis.com/oauth2/v3/token 200
[debug] [2024-11-26T01:38:34.175Z] <<< [apiv2][body] POST https://www.googleapis.com/oauth2/v3/token [omitted]
[debug] [2024-11-26T01:38:34.192Z] >>> [apiv2][query] GET https://firebase.googleapis.com/v1beta1/projects pageSize=100
[debug] [2024-11-26T01:38:34.993Z] <<< [apiv2][status] GET https://firebase.googleapis.com/v1beta1/projects 200
[debug] [2024-11-26T01:38:34.994Z] <<< [apiv2][body] GET https://firebase.googleapis.com/v1beta1/projects [omitted]
[info] i  Using project majo-dev (majamojo) 
[info] 
=== Hosting Setup
[debug] [2024-11-26T01:38:44.690Z] >>> [apiv2][query] GET https://firebase.googleapis.com/v1beta1/projects/majo-dev [none]
[debug] [2024-11-26T01:38:46.375Z] <<< [apiv2][status] GET https://firebase.googleapis.com/v1beta1/projects/majo-dev 200
[debug] [2024-11-26T01:38:46.376Z] <<< [apiv2][body] GET https://firebase.googleapis.com/v1beta1/projects/majo-dev {"projectId":"majo-dev","projectNumber":"696727571669","displayName":"majamojo","name":"projects/majo-dev","resources":{"hostingSite":"majo-dev","realtimeDatabaseInstance":"majo-dev-default-rtdb"},"state":"ACTIVE","etag":"1_18887c34-2d8f-45b7-9a56-9a6f8ecf52b2"}
[info] 
[info] Your public directory is the folder (relative to your project directory) that
[info] will contain Hosting assets to be uploaded with firebase deploy. If you
[info] have a build process for your assets, use your build's output directory.
[info] 
[info] ✔  Wrote public/404.html 
[debug] [2024-11-26T01:38:58.159Z] >>> [apiv2][query] GET https://www.gstatic.com/firebasejs/releases.json [none]
[debug] [2024-11-26T01:38:58.437Z] <<< [apiv2][status] GET https://www.gstatic.com/firebasejs/releases.json 200
[debug] [2024-11-26T01:38:58.437Z] <<< [apiv2][body] GET https://www.gstatic.com/firebasejs/releases.json {"current":{"version":"11.0.2","browserURL":"https://www.gstatic.com/firebasejs/11.0.2/firebase.js","packageURL":"https://www.gstatic.com/firebasejs/11.0.2/firebase.tgz"},"live":{"version":"11.0","browserURL":"https://www.gstatic.com/firebasejs/live/11.0/firebase.js","packageURL":"https://www.gstatic.com/firebasejs/live/11.0/firebase.tgz"},"components":{"analytics":"https://www.gstatic.com/firebasejs/11.0.2/firebase-analytics.js","app":"https://www.gstatic.com/firebasejs/11.0.2/firebase-app.js","app-check":"https://www.gstatic.com/firebasejs/11.0.2/firebase-app-check.js","auth":"https://www.gstatic.com/firebasejs/11.0.2/firebase-auth.js","auth/cordova":"https://www.gstatic.com/firebasejs/11.0.2/firebase-auth/cordova.js","auth/web-extension":"https://www.gstatic.com/firebasejs/11.0.2/firebase-auth/web-extension.js","functions":"https://www.gstatic.com/firebasejs/11.0.2/firebase-functions.js","firestore":"https://www.gstatic.com/firebasejs/11.0.2/firebase-firestore.js","firestore/lite":"https://www.gstatic.com/firebasejs/11.0.2/firebase-firestore/lite.js","installations":"https://www.gstatic.com/firebasejs/11.0.2/firebase-installations.js","storage":"https://www.gstatic.com/firebasejs/11.0.2/firebase-storage.js","performance":"https://www.gstatic.com/firebasejs/11.0.2/firebase-performance.js","remote-config":"https://www.gstatic.com/firebasejs/11.0.2/firebase-remote-config.js","messaging":"https://www.gstatic.com/firebasejs/11.0.2/firebase-messaging.js","messaging/sw":"https://www.gstatic.com/firebasejs/11.0.2/firebase-messaging/sw.js","database":"https://www.gstatic.com/firebasejs/11.0.2/firebase-database.js","vertexai":"https://www.gstatic.com/firebasejs/11.0.2/firebase-vertexai.js","data-connect":"https://www.gstatic.com/firebasejs/11.0.2/firebase-data-connect.js","firestore.memory":"https://www.gstatic.com/firebasejs/11.0.2/firebase-firestore.memory.js"}}
[info] ✔  Wrote public/index.html 
[info] 
[info] i  Detected a .git folder at /Users/adi/Desktop/Mabar/web/spinbound/spinboundsaga 
[info] i  Authorizing with GitHub to upload your service account to a GitHub repository's secrets store. 
[info] 
[info] Visit this URL on this device to log in:
[info] https://github.com/login/oauth/authorize?client_id=89cf50f02ac6aaed3484&state=635135676&redirect_uri=http%3A%2F%2Flocalhost%3A9005&scope=read%3Auser%20repo%20public_repo
[info] 
[info] Waiting for authentication...
[debug] [2024-11-26T01:39:33.565Z] >>> [apiv2][query] POST https://github.com/login/oauth/access_token [none]
[debug] [2024-11-26T01:39:33.566Z] >>> [apiv2][body] POST https://github.com/login/oauth/access_token [stream]
[debug] [2024-11-26T01:39:34.082Z] <<< [apiv2][status] POST https://github.com/login/oauth/access_token 200
[debug] [2024-11-26T01:39:34.082Z] <<< [apiv2][body] POST https://github.com/login/oauth/access_token {"access_token":"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","token_type":"bearer","scope":"read:user,repo"}
[debug] [2024-11-26T01:39:34.097Z] >>> [apiv2][query] GET https://api.github.com/user [none]
[debug] [2024-11-26T01:39:34.677Z] <<< [apiv2][status] GET https://api.github.com/user 200
[debug] [2024-11-26T01:39:34.678Z] <<< [apiv2][body] GET https://api.github.com/user {"login":"MainStudy","id":188965739,"node_id":"U_kgDOC0Njaw","avatar_url":"https://avatars.githubusercontent.com/u/188965739?v=4","gravatar_id":"","url":"https://api.github.com/users/MainStudy","html_url":"https://github.com/MainStudy","followers_url":"https://api.github.com/users/MainStudy/followers","following_url":"https://api.github.com/users/MainStudy/following{/other_user}","gists_url":"https://api.github.com/users/MainStudy/gists{/gist_id}","starred_url":"https://api.github.com/users/MainStudy/starred{/owner}{/repo}","subscriptions_url":"https://api.github.com/users/MainStudy/subscriptions","organizations_url":"https://api.github.com/users/MainStudy/orgs","repos_url":"https://api.github.com/users/MainStudy/repos","events_url":"https://api.github.com/users/MainStudy/events{/privacy}","received_events_url":"https://api.github.com/users/MainStudy/received_events","type":"User","user_view_type":"private","site_admin":false,"name":null,"company":null,"blog":"","location":null,"email":null,"hireable":null,"bio":null,"twitter_username":null,"notification_email":null,"public_repos":0,"public_gists":0,"followers":0,"following":0,"created_at":"2024-11-19T07:45:21Z","updated_at":"2024-11-19T07:45:42Z","private_gists":0,"total_private_repos":1,"owned_private_repos":1,"disk_usage":0,"collaborators":0,"two_factor_authentication":false,"plan":{"name":"free","space":976562499,"collaborators":0,"private_repos":10000}}
[info] 
[info] ✔  Success! Logged into GitHub as MainStudy 
[info] 
